C:\Program Files (x86)\Microsoft Visual Studio\2019\Community\MSBuild\Microsoft\VC\v160\Microsoft.CppBuild.targets(513,5): warning MSB8028: El directorio intermedio (x64\Debug\) contiene archivos compartidos de otro proyecto (Vikings.vcxproj). Esto puede dar lugar a un comportamiento incorrecto de limpieza y recompilación.
  AABB.cpp
  Enemy.cpp
  EnemyManager.cpp
  Entity.cpp
  Game.cpp
  Globals.cpp
  main.cpp
  Object.cpp
  Player.cpp
C:\Users\manelml2\Documents\GitHub\Project1\SinLuces-PENGO\src\Player.cpp(249,11): warning C4553: "==": el resultado de la expresión no se usa. ¿Quiso decir "="?
C:\Users\manelml2\Documents\GitHub\Project1\SinLuces-PENGO\src\Player.cpp(258,11): warning C4553: "==": el resultado de la expresión no se usa. ¿Quiso decir "="?
C:\Users\manelml2\Documents\GitHub\Project1\SinLuces-PENGO\src\Player.cpp(274,11): warning C4553: "==": el resultado de la expresión no se usa. ¿Quiso decir "="?
C:\Users\manelml2\Documents\GitHub\Project1\SinLuces-PENGO\src\Player.cpp(283,11): warning C4553: "==": el resultado de la expresión no se usa. ¿Quiso decir "="?
  RenderComponent.cpp
  ResourceManager.cpp
  Scene.cpp
  Shot.cpp
  ShotManager.cpp
  Slime.cpp
  Sprite.cpp
  StaticImage.cpp
  TileMap.cpp
  Turret.cpp
  Generando código...
  Vikings.vcxproj -> C:\Users\manelml2\Documents\GitHub\Project1\SinLuces-PENGO\x64\Debug\Pengo.exe
          1 archivo(s) copiado(s).
