c:\users\marcb\onedrive\documentos\github\pac-man\project\x64\debug\vc142.pdb
c:\users\marcb\onedrive\documentos\github\pac-man\project\x64\debug\vc142.idb
c:\users\marcb\onedrive\documentos\github\pac-man\project\x64\debug\sprite.obj
c:\users\marcb\onedrive\documentos\github\pac-man\project\x64\debug\staticimage.obj
c:\users\marcb\onedrive\documentos\github\pac-man\project\x64\debug\tilemap.obj
c:\users\marcb\onedrive\documentos\github\pac-man\project\x64\debug\rendercomponent.obj
c:\users\marcb\onedrive\documentos\github\pac-man\project\x64\debug\entity.obj
c:\users\marcb\onedrive\documentos\github\pac-man\project\x64\debug\object.obj
c:\users\marcb\onedrive\documentos\github\pac-man\project\x64\debug\player.obj
c:\users\marcb\onedrive\documentos\github\pac-man\project\x64\debug\scene.obj
c:\users\marcb\onedrive\documentos\github\pac-man\project\x64\debug\resourcemanager.obj
c:\users\marcb\onedrive\documentos\github\pac-man\project\x64\debug\pinky.obj
c:\users\marcb\onedrive\documentos\github\pac-man\project\x64\debug\navmesh.obj
c:\users\marcb\onedrive\documentos\github\pac-man\project\x64\debug\logmessages.obj
c:\users\marcb\onedrive\documentos\github\pac-man\project\x64\debug\game.obj
c:\users\marcb\onedrive\documentos\github\pac-man\project\x64\debug\main.obj
c:\users\marcb\onedrive\documentos\github\pac-man\project\x64\debug\inky.obj
c:\users\marcb\onedrive\documentos\github\pac-man\project\x64\debug\aabb.obj
c:\users\marcb\onedrive\documentos\github\pac-man\project\x64\debug\ghost.obj
c:\users\marcb\onedrive\documentos\github\pac-man\project\x64\debug\clyde.obj
c:\users\marcb\onedrive\documentos\github\pac-man\project\x64\debug\blinky.obj
c:\users\marcb\onedrive\documentos\github\pac-man\project\x64\debug\puntuation.obj
c:\users\yovyy\onedrive\documentos\github\pac-man\project\x64\debug\vc142.pdb
c:\users\yovyy\onedrive\documentos\github\pac-man\project\x64\debug\vc142.idb
c:\users\yovyy\onedrive\documentos\github\pac-man\project\x64\debug\sprite.obj
c:\users\yovyy\onedrive\documentos\github\pac-man\project\x64\debug\staticimage.obj
c:\users\yovyy\onedrive\documentos\github\pac-man\project\x64\debug\tilemap.obj
c:\users\yovyy\onedrive\documentos\github\pac-man\project\x64\debug\rendercomponent.obj
c:\users\yovyy\onedrive\documentos\github\pac-man\project\x64\debug\entity.obj
c:\users\yovyy\onedrive\documentos\github\pac-man\project\x64\debug\object.obj
c:\users\yovyy\onedrive\documentos\github\pac-man\project\x64\debug\player.obj
c:\users\yovyy\onedrive\documentos\github\pac-man\project\x64\debug\scene.obj
c:\users\yovyy\onedrive\documentos\github\pac-man\project\x64\debug\resourcemanager.obj
c:\users\yovyy\onedrive\documentos\github\pac-man\project\x64\debug\pinky.obj
c:\users\yovyy\onedrive\documentos\github\pac-man\project\x64\debug\navmesh.obj
c:\users\yovyy\onedrive\documentos\github\pac-man\project\x64\debug\logmessages.obj
c:\users\yovyy\onedrive\documentos\github\pac-man\project\x64\debug\game.obj
c:\users\yovyy\onedrive\documentos\github\pac-man\project\x64\debug\main.obj
c:\users\yovyy\onedrive\documentos\github\pac-man\project\x64\debug\inky.obj
c:\users\yovyy\onedrive\documentos\github\pac-man\project\x64\debug\aabb.obj
c:\users\yovyy\onedrive\documentos\github\pac-man\project\x64\debug\ghost.obj
c:\users\yovyy\onedrive\documentos\github\pac-man\project\x64\debug\clyde.obj
c:\users\yovyy\onedrive\documentos\github\pac-man\project\x64\debug\blinky.obj
c:\users\yovyy\onedrive\documentos\github\pac-man\project\x64\debug\puntuation.obj
c:\users\marcb\onedrive\documentos\github\pac-man\project\x64\debug\project.exe
c:\users\marcb\onedrive\documentos\github\pac-man\project\x64\debug\project.ilk
c:\users\marcb\onedrive\documentos\github\pac-man\project\x64\debug\project.pdb
c:\users\yovyy\onedrive\documentos\github\pac-man\project\x64\debug\project.ilk
c:\users\yovyy\onedrive\documentos\github\pac-man\project\x64\debug\project.exe
c:\users\yovyy\onedrive\documentos\github\pac-man\project\x64\debug\project.pdb
c:\users\yovyy\onedrive\documentos\github\pac-man\project\x64\debug\project.tlog\cl.command.1.tlog
c:\users\yovyy\onedrive\documentos\github\pac-man\project\x64\debug\project.tlog\cl.read.1.tlog
c:\users\yovyy\onedrive\documentos\github\pac-man\project\x64\debug\project.tlog\cl.write.1.tlog
c:\users\yovyy\onedrive\documentos\github\pac-man\project\x64\debug\project.tlog\link.command.1.tlog
c:\users\yovyy\onedrive\documentos\github\pac-man\project\x64\debug\project.tlog\link.read.1.tlog
c:\users\yovyy\onedrive\documentos\github\pac-man\project\x64\debug\project.tlog\link.write.1.tlog
