c:\users\yovyy\onedrive\documentos\github\pac-man\project\x64\release\vc142.pdb
c:\users\yovyy\onedrive\documentos\github\pac-man\project\x64\release\logmessages.obj
c:\users\yovyy\onedrive\documentos\github\pac-man\project\x64\release\aabb.obj
c:\users\yovyy\onedrive\documentos\github\pac-man\project\x64\release\sprite.obj
c:\users\yovyy\onedrive\documentos\github\pac-man\project\x64\release\staticimage.obj
c:\users\yovyy\onedrive\documentos\github\pac-man\project\x64\release\tilemap.obj
c:\users\yovyy\onedrive\documentos\github\pac-man\project\x64\release\rendercomponent.obj
c:\users\yovyy\onedrive\documentos\github\pac-man\project\x64\release\entity.obj
c:\users\yovyy\onedrive\documentos\github\pac-man\project\x64\release\object.obj
c:\users\yovyy\onedrive\documentos\github\pac-man\project\x64\release\player.obj
c:\users\yovyy\onedrive\documentos\github\pac-man\project\x64\release\scene.obj
c:\users\yovyy\onedrive\documentos\github\pac-man\project\x64\release\resourcemanager.obj
c:\users\yovyy\onedrive\documentos\github\pac-man\project\x64\release\pinky.obj
c:\users\yovyy\onedrive\documentos\github\pac-man\project\x64\release\navmesh.obj
c:\users\yovyy\onedrive\documentos\github\pac-man\project\x64\release\game.obj
c:\users\yovyy\onedrive\documentos\github\pac-man\project\x64\release\main.obj
c:\users\yovyy\onedrive\documentos\github\pac-man\project\x64\release\inky.obj
c:\users\yovyy\onedrive\documentos\github\pac-man\project\x64\release\ghost.obj
c:\users\yovyy\onedrive\documentos\github\pac-man\project\x64\release\clyde.obj
c:\users\yovyy\onedrive\documentos\github\pac-man\project\x64\release\blinky.obj
c:\users\yovyy\onedrive\documentos\github\pac-man\project\x64\release\puntuation.obj
c:\users\yovyy\onedrive\documentos\github\pac-man\project\x64\release\project.exe
c:\users\yovyy\onedrive\documentos\github\pac-man\project\x64\release\project.pdb
c:\users\yovyy\onedrive\documentos\github\pac-man\project\x64\release\project.ipdb
c:\users\yovyy\onedrive\documentos\github\pac-man\project\x64\release\project.iobj
c:\users\yovyy\onedrive\documentos\github\pac-man\project\x64\release\project.tlog\cl.command.1.tlog
c:\users\yovyy\onedrive\documentos\github\pac-man\project\x64\release\project.tlog\cl.read.1.tlog
c:\users\yovyy\onedrive\documentos\github\pac-man\project\x64\release\project.tlog\cl.write.1.tlog
c:\users\yovyy\onedrive\documentos\github\pac-man\project\x64\release\project.tlog\link.command.1.tlog
c:\users\yovyy\onedrive\documentos\github\pac-man\project\x64\release\project.tlog\link.read.1.tlog
c:\users\yovyy\onedrive\documentos\github\pac-man\project\x64\release\project.tlog\link.write.1.tlog
c:\users\yovyy\onedrive\documentos\github\pac-man\project\x64\release\project.tlog\project.write.1u.tlog
